app/build/outputs/logs/manifest-merger-debug-report.txt
-- Merging decision tree log ---
manifest
ADDED from src\main\AndroidManifest.xml:2:1-185:12
	package
		ADDED from src\main\AndroidManifest.xml:3:11-32
		INJECTED from src\main\AndroidManifest.xml
		INJECTED from src\main\AndroidManifest.xml
	android:versionName
		INJECTED from src\main\AndroidManifest.xml
		INJECTED from src\main\AndroidManifest.xml
	xmlns:android
		ADDED from src\main\AndroidManifest.xml:2:11-69
	android:versionCode
		INJECTED from src\main\AndroidManifest.xml
		INJECTED from src\main\AndroidManifest.xml
uses-permission#android.permission.ACCESS_NETWORK_STATE
ADDED from src\main\AndroidManifest.xml:5:5-78
	android:name
		ADDED from src\main\AndroidManifest.xml:5:22-76
uses-permission#android.permission.INTERNET
ADDED from src\main\AndroidManifest.xml:6:5-66
	android:name
		ADDED from src\main\AndroidManifest.xml:6:22-64
uses-permission#android.permission.WRITE_EXTERNAL_STORAGE
ADDED from src\main\AndroidManifest.xml:7:5-80
MERGED from [com.droidninja:filepicker:2.0.7] AndroidManifest.xml:11:5-81
MERGED from [com.zhihu.android:matisse:0.4.3] AndroidManifest.xml:24:5-81
	android:name
		ADDED from src\main\AndroidManifest.xml:7:22-78
uses-permission#android.permission.READ_EXTERNAL_STORAGE
ADDED from src\main\AndroidManifest.xml:8:5-79
MERGED from [com.droidninja:filepicker:2.0.7] AndroidManifest.xml:12:5-80
MERGED from [com.zhihu.android:matisse:0.4.3] AndroidManifest.xml:25:5-80
	android:name
		ADDED from src\main\AndroidManifest.xml:8:22-77
uses-permission#android.permission.MOUNT_UNMOUNT_FILESYSTEMS
ADDED from src\main\AndroidManifest.xml:9:5-83
	android:name
		ADDED from src\main\AndroidManifest.xml:9:22-81
uses-permission#android.permission.READ_PHONE_STATE
ADDED from src\main\AndroidManifest.xml:10:5-74
	android:name
		ADDED from src\main\AndroidManifest.xml:10:22-72
uses-permission#android.permission.GET_ACCOUNTS
ADDED from src\main\AndroidManifest.xml:13:5-70
	android:name
		ADDED from src\main\AndroidManifest.xml:13:22-68
uses-permission#android.permission.READ_PROFILE
ADDED from src\main\AndroidManifest.xml:14:5-70
	android:name
		ADDED from src\main\AndroidManifest.xml:14:22-68
uses-permission#android.permission.READ_CONTACTS
ADDED from src\main\AndroidManifest.xml:15:5-71
	android:name
		ADDED from src\main\AndroidManifest.xml:15:22-69
uses-permission#android.permission.CAMERA
ADDED from src\main\AndroidManifest.xml:16:5-64
	android:name
		ADDED from src\main\AndroidManifest.xml:16:22-62
uses-permission#android.permission.SYSTEM_ALERT_WINDOW
ADDED from src\main\AndroidManifest.xml:17:5-77
	android:name
		ADDED from src\main\AndroidManifest.xml:17:22-75
uses-permission#android.permission.SYSTEM_OVERLAY_WINDOW
ADDED from src\main\AndroidManifest.xml:18:5-79
	android:name
		ADDED from src\main\AndroidManifest.xml:18:22-77
application
ADDED from src\main\AndroidManifest.xml:20:5-183:19
MERGED from [com.jzxiang.pickerview:TimePickerDialog:1.0.1] AndroidManifest.xml:11:5-14:19
MERGED from [com.droidninja:filepicker:2.0.7] AndroidManifest.xml:14:5-33:19
MERGED from [com.github.razerdp:BasePopup:v1.8.0] AndroidManifest.xml:11:5-15:19
MERGED from [com.android.support:palette-v7:25.3.1] AndroidManifest.xml:26:5-20
MERGED from [com.android.support:cardview-v7:25.3.1] AndroidManifest.xml:26:5-20
MERGED from [com.ashokvarma.android:bottom-navigation-bar:1.3.1] AndroidManifest.xml:11:5-13:38
MERGED from [com.android.support:design:25.3.1] AndroidManifest.xml:29:5-20
MERGED from [com.android.support:transition:25.3.1] AndroidManifest.xml:26:5-20
MERGED from [com.jaeger.statusbaruitl:library:1.1.0] AndroidManifest.xml:11:5-20
MERGED from [com.zhihu.android:matisse:0.4.3] AndroidManifest.xml:27:5-31:19
MERGED from [it.sephiroth.android.library.imagezoom:library:1.0.4] AndroidManifest.xml:5:5-19
MERGED from [it.sephiroth.android.library.easing:library:1.0.2] AndroidManifest.xml:5:5-6:19
MERGED from [com.github.mcxtzhang:SuspensionIndexBar:V1.0.0] AndroidManifest.xml:11:5-20
MERGED from [com.android.support:appcompat-v7:25.3.1] AndroidManifest.xml:29:5-20
MERGED from [com.android.support:support-v4:25.3.1] AndroidManifest.xml:29:5-20
MERGED from [com.android.support:support-fragment:25.3.1] AndroidManifest.xml:29:5-20
MERGED from [com.android.support:support-media-compat:25.3.1] AndroidManifest.xml:29:5-20
MERGED from [com.android.support:support-core-utils:25.3.1] AndroidManifest.xml:29:5-20
MERGED from [com.android.support:animated-vector-drawable:25.3.1] AndroidManifest.xml:26:5-20
MERGED from [com.android.support:support-vector-drawable:25.3.1] AndroidManifest.xml:26:5-20
MERGED from [com.android.support:support-core-ui:25.3.1] AndroidManifest.xml:29:5-20
MERGED from [com.android.support:support-compat:25.3.1] AndroidManifest.xml:29:5-20
MERGED from [com.android.support.constraint:constraint-layout:1.0.2] AndroidManifest.xml:9:5-20
MERGED from [com.squareup.leakcanary:leakcanary-android:1.3] AndroidManifest.xml:24:5-46:19
	android:label
		ADDED from src\main\AndroidManifest.xml:24:9-41
	android:supportsRtl
		ADDED from src\main\AndroidManifest.xml:25:9-35
	android:allowBackup
		ADDED from src\main\AndroidManifest.xml:22:9-35
	android:icon
		ADDED from src\main\AndroidManifest.xml:23:9-43
	android:theme
		ADDED from src\main\AndroidManifest.xml:26:9-40
	android:name
		ADDED from src\main\AndroidManifest.xml:21:9-42
meta-data#coder.aihui.app.CustomCachingGlideModule
ADDED from src\main\AndroidManifest.xml:27:9-29:42
	android:value
		ADDED from src\main\AndroidManifest.xml:29:13-40
	android:name
		ADDED from src\main\AndroidManifest.xml:28:13-68
activity#coder.aihui.ui.home.HomeActivity
ADDED from src\main\AndroidManifest.xml:31:9-34:20
	android:label
		ADDED from src\main\AndroidManifest.xml:33:13-45
	android:name
		ADDED from src\main\AndroidManifest.xml:32:13-49
activity#coder.aihui.ui.girl.GirlActivity
ADDED from src\main\AndroidManifest.xml:35:9-57
	android:name
		ADDED from src\main\AndroidManifest.xml:35:19-55
activity#coder.aihui.ui.main.MainActivity
ADDED from src\main\AndroidManifest.xml:36:9-39:20
	android:windowSoftInputMode
		ADDED from src\main\AndroidManifest.xml:38:13-54
	android:name
		ADDED from src\main\AndroidManifest.xml:37:13-49
activity#coder.aihui.ui.splash.SplashActivity
ADDED from src\main\AndroidManifest.xml:40:9-41:20
	android:name
		ADDED from src\main\AndroidManifest.xml:40:19-59
activity#coder.aihui.ui.login.LoginActivity
ADDED from src\main\AndroidManifest.xml:42:9-51:20
	android:label
		ADDED from src\main\AndroidManifest.xml:44:13-31
	android:windowSoftInputMode
		ADDED from src\main\AndroidManifest.xml:45:13-54
	android:name
		ADDED from src\main\AndroidManifest.xml:43:13-51
intent-filter#android.intent.action.MAIN+android.intent.category.LAUNCHER
ADDED from src\main\AndroidManifest.xml:46:13-50:29
action#android.intent.action.MAIN
ADDED from src\main\AndroidManifest.xml:47:17-68
	android:name
		ADDED from src\main\AndroidManifest.xml:47:25-66
category#android.intent.category.LAUNCHER
ADDED from src\main\AndroidManifest.xml:49:17-76
	android:name
		ADDED from src\main\AndroidManifest.xml:49:27-74
meta-data#design_width
ADDED from src\main\AndroidManifest.xml:53:9-55:34
	android:value
		ADDED from src\main\AndroidManifest.xml:55:13-32
	android:name
		ADDED from src\main\AndroidManifest.xml:54:13-40
meta-data#design_height
ADDED from src\main\AndroidManifest.xml:56:9-58:35
	android:value
		ADDED from src\main\AndroidManifest.xml:58:13-33
	android:name
		ADDED from src\main\AndroidManifest.xml:57:13-41
activity#coder.aihui.ui.login.ConfigActivity
ADDED from src\main\AndroidManifest.xml:60:9-63:20
	android:windowSoftInputMode
		ADDED from src\main\AndroidManifest.xml:62:13-54
	android:name
		ADDED from src\main\AndroidManifest.xml:61:13-52
activity#coder.aihui.aaaa
ADDED from src\main\AndroidManifest.xml:64:9-67:20
	android:label
		ADDED from src\main\AndroidManifest.xml:66:13-56
	android:name
		ADDED from src\main\AndroidManifest.xml:65:13-33
activity#coder.aihui.ui.assetcheck.AssetCheckActivity
ADDED from src\main\AndroidManifest.xml:68:9-76:20
	android:label
		ADDED from src\main\AndroidManifest.xml:70:13-33
	android:name
		ADDED from src\main\AndroidManifest.xml:69:13-61
activity#coder.aihui.ui.assetcheck.AssetQueryConfigActivity
ADDED from src\main\AndroidManifest.xml:77:9-78:20
	android:name
		ADDED from src\main\AndroidManifest.xml:77:19-73
activity#coder.aihui.ui.assetcheck.AssetDetailEditActivity
ADDED from src\main\AndroidManifest.xml:79:9-80:20
	android:name
		ADDED from src\main\AndroidManifest.xml:79:19-72
activity#coder.aihui.zxing.decoding.MipcaActivityCapture
ADDED from src\main\AndroidManifest.xml:81:9-82:20
	android:name
		ADDED from src\main\AndroidManifest.xml:81:19-70
provider#android.support.v4.content.FileProvider
ADDED from src\main\AndroidManifest.xml:84:9-92:20
	android:authorities
		ADDED from src\main\AndroidManifest.xml:86:13-69
	android:grantUriPermissions
		ADDED from src\main\AndroidManifest.xml:88:13-47
	android:exported
		ADDED from src\main\AndroidManifest.xml:87:13-37
	android:name
		ADDED from src\main\AndroidManifest.xml:85:13-67
meta-data#android.support.FILE_PROVIDER_PATHS
ADDED from src\main\AndroidManifest.xml:89:13-91:60
	android:resource
		ADDED from src\main\AndroidManifest.xml:91:17-58
	android:name
		ADDED from src\main\AndroidManifest.xml:90:17-67
activity#coder.aihui.ui.assetquery.AssetQueryActivity
ADDED from src\main\AndroidManifest.xml:94:9-103:20
	android:label
		ADDED from src\main\AndroidManifest.xml:96:13-33
	android:windowSoftInputMode
		ADDED from src\main\AndroidManifest.xml:97:13-54
	android:name
		ADDED from src\main\AndroidManifest.xml:95:13-61
activity#coder.aihui.widget.contact.ContactActivity
ADDED from src\main\AndroidManifest.xml:104:9-107:20
	android:windowSoftInputMode
		ADDED from src\main\AndroidManifest.xml:106:13-54
	android:name
		ADDED from src\main\AndroidManifest.xml:105:13-59
activity#coder.aihui.widget.contact.SysUserActivity
ADDED from src\main\AndroidManifest.xml:108:9-111:20
	android:windowSoftInputMode
		ADDED from src\main\AndroidManifest.xml:110:13-54
	android:name
		ADDED from src\main\AndroidManifest.xml:109:13-59
activity#coder.aihui.ui.assetcheck.AssetDetailActivity
ADDED from src\main\AndroidManifest.xml:112:9-113:20
	android:name
		ADDED from src\main\AndroidManifest.xml:112:19-68
activity#coder.aihui.ui.inspectxj.InspectXJActivity
ADDED from src\main\AndroidManifest.xml:114:9-117:20
	android:windowSoftInputMode
		ADDED from src\main\AndroidManifest.xml:116:13-54
	android:name
		ADDED from src\main\AndroidManifest.xml:115:13-59
activity#coder.aihui.ui.inspectxj.InspectStartActivity
ADDED from src\main\AndroidManifest.xml:118:9-121:20
	android:windowSoftInputMode
		ADDED from src\main\AndroidManifest.xml:120:13-54
	android:name
		ADDED from src\main\AndroidManifest.xml:119:13-62
activity#coder.aihui.widget.contact.LessUserActivity
ADDED from src\main\AndroidManifest.xml:122:9-130:20
	android:label
		ADDED from src\main\AndroidManifest.xml:124:13-34
	android:name
		ADDED from src\main\AndroidManifest.xml:123:13-60
activity#coder.aihui.ui.azys.AzysActivity
ADDED from src\main\AndroidManifest.xml:131:9-140:20
	android:label
		ADDED from src\main\AndroidManifest.xml:133:13-33
	android:windowSoftInputMode
		ADDED from src\main\AndroidManifest.xml:134:13-54
	android:name
		ADDED from src\main\AndroidManifest.xml:132:13-49
activity#coder.aihui.ui.azys.AzysConfigActivity
ADDED from src\main\AndroidManifest.xml:141:9-144:20
	android:windowSoftInputMode
		ADDED from src\main\AndroidManifest.xml:143:13-54
	android:name
		ADDED from src\main\AndroidManifest.xml:142:13-55
activity#coder.aihui.ui.azys.AzysListActivity
ADDED from src\main\AndroidManifest.xml:145:9-148:20
	android:windowSoftInputMode
		ADDED from src\main\AndroidManifest.xml:147:13-54
	android:name
		ADDED from src\main\AndroidManifest.xml:146:13-53
activity#coder.aihui.ui.azys.AzysDetailActivity
ADDED from src\main\AndroidManifest.xml:149:9-150:20
	android:name
		ADDED from src\main\AndroidManifest.xml:149:19-61
activity#coder.aihui.ui.azys.PjmxActivity
ADDED from src\main\AndroidManifest.xml:151:9-159:20
	android:label
		ADDED from src\main\AndroidManifest.xml:153:13-34
	android:name
		ADDED from src\main\AndroidManifest.xml:152:13-49
activity#coder.aihui.ui.bz.BzActivity
ADDED from src\main\AndroidManifest.xml:160:9-161:20
	android:name
		ADDED from src\main\AndroidManifest.xml:160:19-51
activity#coder.aihui.widget.contact.WzActivity
ADDED from src\main\AndroidManifest.xml:162:9-163:20
	android:name
		ADDED from src\main\AndroidManifest.xml:162:19-60
activity#coder.aihui.ui.pxgl.PxglDetailActivity
ADDED from src\main\AndroidManifest.xml:164:9-172:20
	android:label
		ADDED from src\main\AndroidManifest.xml:166:13-35
	android:name
		ADDED from src\main\AndroidManifest.xml:165:13-55
activity#coder.aihui.ui.assetcheck.YzkActivity
ADDED from src\main\AndroidManifest.xml:173:9-174:20
	android:name
		ADDED from src\main\AndroidManifest.xml:173:19-60
activity#coder.aihui.ui.inspectxj.InspectDetailActivity
ADDED from src\main\AndroidManifest.xml:175:9-176:20
	android:name
		ADDED from src\main\AndroidManifest.xml:175:19-69
activity#coder.aihui.ui.inspectxj.InspectDetail2Activity
ADDED from src\main\AndroidManifest.xml:177:9-178:20
	android:name
		ADDED from src\main\AndroidManifest.xml:177:19-70
activity#coder.aihui.ui.bd.FormActivity
ADDED from src\main\AndroidManifest.xml:179:9-180:20
	android:name
		ADDED from src\main\AndroidManifest.xml:179:19-53
activity#coder.aihui.ui.pxgl.PxglListActivity
ADDED from src\main\AndroidManifest.xml:181:9-182:20
	android:name
		ADDED from src\main\AndroidManifest.xml:181:19-59
uses-sdk
INJECTED from src\main\AndroidManifest.xml reason: use-sdk injection requested
MERGED from [com.jzxiang.pickerview:TimePickerDialog:1.0.1] AndroidManifest.xml:7:5-9:41
MERGED from [com.droidninja:filepicker:2.0.7] AndroidManifest.xml:7:5-9:41
MERGED from [com.github.razerdp:BasePopup:v1.8.0] AndroidManifest.xml:7:5-9:41
MERGED from [com.android.support:palette-v7:25.3.1] AndroidManifest.xml:20:5-43
MERGED from [com.android.support:cardview-v7:25.3.1] AndroidManifest.xml:20:5-43
MERGED from [com.jakewharton:butterknife:8.1.0] AndroidManifest.xml:5:5-43
MERGED from [com.jude:easyrecyclerview:4.0.2] AndroidManifest.xml:7:5-9:41
MERGED from [jp.wasabeef:glide-transformations:2.0.1] AndroidManifest.xml:8:5-10:41
MERGED from [com.zhy:base-rvadapter:3.0.3] AndroidManifest.xml:8:5-10:41
MERGED from [com.trello:rxlifecycle-components:1.0] AndroidManifest.xml:17:5-44
MERGED from [com.trello:rxlifecycle-android:1.0] AndroidManifest.xml:17:5-44
MERGED from [com.jakewharton.rxbinding:rxbinding:0.4.0] AndroidManifest.xml:6:5-44
MERGED from [io.reactivex:rxandroid:1.2.1] AndroidManifest.xml:19:5-43
MERGED from [com.zhy:autolayout:1.4.5] AndroidManifest.xml:8:5-10:41
MERGED from [com.ashokvarma.android:bottom-navigation-bar:1.3.1] AndroidManifest.xml:7:5-9:41
MERGED from [com.android.support:design:25.3.1] AndroidManifest.xml:21:5-23:62
MERGED from [com.android.support:transition:25.3.1] AndroidManifest.xml:20:5-44
MERGED from [com.blankj:utilcode:1.3.4] AndroidManifest.xml:8:5-10:41
MERGED from [com.daimajia.numberprogressbar:library:1.4] AndroidManifest.xml:7:5-9:41
MERGED from [com.github.lzyzsd:circleprogress:1.2.1] AndroidManifest.xml:8:5-10:41
MERGED from [com.jaeger.statusbaruitl:library:1.1.0] AndroidManifest.xml:7:5-9:41
MERGED from [com.zhihu.android:matisse:0.4.3] AndroidManifest.xml:20:5-22:41
MERGED from [it.sephiroth.android.library.imagezoom:library:1.0.4] AndroidManifest.xml:3:5-72
MERGED from [it.sephiroth.android.library.easing:library:1.0.2] AndroidManifest.xml:3:5-72
MERGED from [com.github.mcxtzhang:SuspensionIndexBar:V1.0.0] AndroidManifest.xml:7:5-9:41
MERGED from [com.android.support:appcompat-v7:25.3.1] AndroidManifest.xml:21:5-23:78
MERGED from [com.android.support:support-v4:25.3.1] AndroidManifest.xml:21:5-23:54
MERGED from [com.android.support:support-fragment:25.3.1] AndroidManifest.xml:21:5-23:60
MERGED from [com.android.support:support-media-compat:25.3.1] AndroidManifest.xml:21:5-23:63
MERGED from [com.android.support:support-core-utils:25.3.1] AndroidManifest.xml:21:5-23:61
MERGED from [com.android.support:animated-vector-drawable:25.3.1] AndroidManifest.xml:20:5-44
MERGED from [com.android.support:support-vector-drawable:25.3.1] AndroidManifest.xml:20:5-43
MERGED from [com.android.support:recyclerview-v7:25.3.1] AndroidManifest.xml:20:5-43
MERGED from [com.android.support:support-core-ui:25.3.1] AndroidManifest.xml:21:5-23:58
MERGED from [com.android.support:support-compat:25.3.1] AndroidManifest.xml:21:5-23:58
MERGED from [com.android.support.constraint:constraint-layout:1.0.2] AndroidManifest.xml:5:5-7:41
MERGED from [com.squareup.leakcanary:leakcanary-android:1.3] AndroidManifest.xml:20:5-22:41
	tools:overrideLibrary
		ADDED from [com.android.support:design:25.3.1] AndroidManifest.xml:23:9-59
	android:targetSdkVersion
		INJECTED from src\main\AndroidManifest.xml
		INJECTED from src\main\AndroidManifest.xml
	android:minSdkVersion
		INJECTED from src\main\AndroidManifest.xml
		INJECTED from src\main\AndroidManifest.xml
activity#droidninja.filepicker.FilePickerActivity
ADDED from [com.droidninja:filepicker:2.0.7] AndroidManifest.xml:17:9-19:62
	android:configChanges
		ADDED from [com.droidninja:filepicker:2.0.7] AndroidManifest.xml:19:13-59
	android:name
		ADDED from [com.droidninja:filepicker:2.0.7] AndroidManifest.xml:18:13-68
activity#droidninja.filepicker.MediaDetailsActivity
ADDED from [com.droidninja:filepicker:2.0.7] AndroidManifest.xml:20:9-22:62
	android:configChanges
		ADDED from [com.droidninja:filepicker:2.0.7] AndroidManifest.xml:22:13-59
	android:name
		ADDED from [com.droidninja:filepicker:2.0.7] AndroidManifest.xml:21:13-70
provider#droidninja.filepicker.utils.FilePickerProvider
ADDED from [com.droidninja:filepicker:2.0.7] AndroidManifest.xml:24:9-32:20
	android:authorities
		ADDED from [com.droidninja:filepicker:2.0.7] AndroidManifest.xml:26:13-82
	android:grantUriPermissions
		ADDED from [com.droidninja:filepicker:2.0.7] AndroidManifest.xml:28:13-47
	android:exported
		ADDED from [com.droidninja:filepicker:2.0.7] AndroidManifest.xml:27:13-37
	android:name
		ADDED from [com.droidninja:filepicker:2.0.7] AndroidManifest.xml:25:13-74
meta-data#android.support.VERSION
ADDED from [com.android.support:palette-v7:25.3.1] AndroidManifest.xml:22:5-24:34
MERGED from [com.android.support:cardview-v7:25.3.1] AndroidManifest.xml:22:5-24:34
MERGED from [com.android.support:design:25.3.1] AndroidManifest.xml:25:5-27:34
MERGED from [com.android.support:transition:25.3.1] AndroidManifest.xml:22:5-24:34
MERGED from [com.android.support:appcompat-v7:25.3.1] AndroidManifest.xml:25:5-27:34
MERGED from [com.android.support:support-v4:25.3.1] AndroidManifest.xml:25:5-27:34
MERGED from [com.android.support:support-fragment:25.3.1] AndroidManifest.xml:25:5-27:34
MERGED from [com.android.support:support-media-compat:25.3.1] AndroidManifest.xml:25:5-27:34
MERGED from [com.android.support:support-core-utils:25.3.1] AndroidManifest.xml:25:5-27:34
MERGED from [com.android.support:animated-vector-drawable:25.3.1] AndroidManifest.xml:22:5-24:34
MERGED from [com.android.support:support-vector-drawable:25.3.1] AndroidManifest.xml:22:5-24:34
MERGED from [com.android.support:recyclerview-v7:25.3.1] AndroidManifest.xml:22:5-24:34
MERGED from [com.android.support:support-core-ui:25.3.1] AndroidManifest.xml:25:5-27:34
MERGED from [com.android.support:support-compat:25.3.1] AndroidManifest.xml:25:5-27:34
	android:value
		ADDED from [com.android.support:palette-v7:25.3.1] AndroidManifest.xml:24:9-31
	android:name
		ADDED from [com.android.support:palette-v7:25.3.1] AndroidManifest.xml:23:9-47
activity#com.zhihu.matisse.ui.MatisseActivity
ADDED from [com.zhihu.android:matisse:0.4.3] AndroidManifest.xml:28:9-73
	android:name
		ADDED from [com.zhihu.android:matisse:0.4.3] AndroidManifest.xml:28:19-70
activity#com.zhihu.matisse.internal.ui.AlbumPreviewActivity
ADDED from [com.zhihu.android:matisse:0.4.3] AndroidManifest.xml:29:9-87
	android:name
		ADDED from [com.zhihu.android:matisse:0.4.3] AndroidManifest.xml:29:19-84
activity#com.zhihu.matisse.internal.ui.SelectedPreviewActivity
ADDED from [com.zhihu.android:matisse:0.4.3] AndroidManifest.xml:30:9-90
	android:name
		ADDED from [com.zhihu.android:matisse:0.4.3] AndroidManifest.xml:30:19-87
service#com.squareup.leakcanary.internal.HeapAnalyzerService
ADDED from [com.squareup.leakcanary:leakcanary-android:1.3] AndroidManifest.xml:25:9-28:45
	android:enabled
		ADDED from [com.squareup.leakcanary:leakcanary-android:1.3] AndroidManifest.xml:27:13-36
	android:process
		ADDED from [com.squareup.leakcanary:leakcanary-android:1.3] AndroidManifest.xml:28:13-42
	android:name
		ADDED from [com.squareup.leakcanary:leakcanary-android:1.3] AndroidManifest.xml:26:13-80
service#com.squareup.leakcanary.DisplayLeakService
ADDED from [com.squareup.leakcanary:leakcanary-android:1.3] AndroidManifest.xml:29:9-31:39
	android:enabled
		ADDED from [com.squareup.leakcanary:leakcanary-android:1.3] AndroidManifest.xml:31:13-36
	android:name
		ADDED from [com.squareup.leakcanary:leakcanary-android:1.3] AndroidManifest.xml:30:13-70
activity#com.squareup.leakcanary.internal.DisplayLeakActivity
ADDED from [com.squareup.leakcanary:leakcanary-android:1.3] AndroidManifest.xml:33:9-45:20
	android:enabled
		ADDED from [com.squareup.leakcanary:leakcanary-android:1.3] AndroidManifest.xml:35:13-36
	android:label
		ADDED from [com.squareup.leakcanary:leakcanary-android:1.3] AndroidManifest.xml:37:13-73
	android:icon
		ADDED from [com.squareup.leakcanary:leakcanary-android:1.3] AndroidManifest.xml:36:13-56
	android:theme
		ADDED from [com.squareup.leakcanary:leakcanary-android:1.3] AndroidManifest.xml:39:13-53
	android:taskAffinity
		ADDED from [com.squareup.leakcanary:leakcanary-android:1.3] AndroidManifest.xml:38:13-59
	android:name
		ADDED from [com.squareup.leakcanary:leakcanary-android:1.3] AndroidManifest.xml:34:13-80